   1  

      1     
       \    
        2   

      2     
     / \    
    1   3   

            2           
          /   \         
        1       3       
                 \      
                  4     

            2           
          /   \         
        1       4       
               / \      
              3   5     

            4           
          /   \         
        2       5       
       / \       \      
      1   3       6     

            4           
          /   \         
        2       6       
       / \     / \      
      1   3   5   7     

preorder :4 2 1 3 6 5 7 
morrisInorder :1 2 3 4 5 6 7 
inorder :1 2 3 4 5 6 7 
postorder :1 3 2 5 7 6 4 
            4           
          /   \         
        2       6       
       / \     / \      
      1   3   5   7     
